<?xml version="1.0" encoding="UTF-8"?>
<!-- Generated by org.testng.reporters.JUnitReportReporter -->
<testsuite hostname="LAPTOP-KDQ8GI2C" failures="0" tests="1" name="testPackage.ActiTimeTestValidLogin" time="5.942" errors="0" timestamp="2023-01-26T16:00:43 IST" skipped="0">
  <testcase classname="testPackage.ActiTimeTestValidLogin" name="validTest" time="5.942"/>
  <system-out/>
</testsuite> <!-- testPackage.ActiTimeTestValidLogin -->
